{
  "RSpec": {
    "coverage": {
      "/Users/millstone/Turing/job_search/sickle_cell_project_be/config/environment.rb": [
        null,
        1,
        null,
        null,
        1,
        null
      ],
      "/Users/millstone/Turing/job_search/sickle_cell_project_be/config/application.rb": [
        1,
        null,
        1,
        null,
        1,
        1,
        1,
        1,
        1,
        1,
        1,
        1,
        null,
        1,
        null,
        null,
        null,
        1,
        null,
        1,
        1,
        null,
        1,
        null,
        1,
        null,
        1,
        1,
        1,
        1,
        null,
        null,
        null,
        null,
        null,
        null,
        null,
        null,
        null,
        null,
        null,
        null,
        null,
        1,
        null,
        1,
        1,
        1,
        1,
        null,
        null,
        null
      ],
      "/Users/millstone/Turing/job_search/sickle_cell_project_be/config/boot.rb": [
        1,
        null,
        1,
        1
      ],
      "/Users/millstone/Turing/job_search/sickle_cell_project_be/config/environments/test.rb": [
        1,
        null,
        null,
        null,
        null,
        null,
        null,
        1,
        null,
        null,
        null,
        null,
        1,
        null,
        null,
        1,
        1,
        null,
        null,
        1,
        null,
        null,
        null,
        1,
        1,
        null,
        null,
        1,
        null,
        null,
        1,
        null,
        null,
        1,
        null,
        1,
        null,
        null,
        null,
        null,
        1,
        null,
        null,
        1,
        null,
        null,
        null,
        null
      ],
      "/Users/millstone/Turing/job_search/sickle_cell_project_be/config/initializers/application_controller_renderer.rb": [
        null,
        null,
        null,
        null,
        null,
        null,
        null,
        null
      ],
      "/Users/millstone/Turing/job_search/sickle_cell_project_be/config/initializers/backtrace_silencers.rb": [
        null,
        null,
        null,
        null,
        null,
        null,
        null
      ],
      "/Users/millstone/Turing/job_search/sickle_cell_project_be/config/initializers/cors.rb": [
        null,
        null,
        null,
        null,
        null,
        null,
        null,
        null,
        null,
        null,
        null,
        null,
        null,
        null,
        null,
        null
      ],
      "/Users/millstone/Turing/job_search/sickle_cell_project_be/config/initializers/filter_parameter_logging.rb": [
        null,
        null,
        null,
        1
      ],
      "/Users/millstone/Turing/job_search/sickle_cell_project_be/config/initializers/inflections.rb": [
        null,
        null,
        null,
        null,
        null,
        null,
        null,
        null,
        null,
        null,
        null,
        null,
        null,
        null,
        null,
        null
      ],
      "/Users/millstone/Turing/job_search/sickle_cell_project_be/config/initializers/jwt.rb": [
        1
      ],
      "/Users/millstone/Turing/job_search/sickle_cell_project_be/lib/json_web_token.rb": [
        1,
        1,
        0,
        0,
        null,
        null,
        1,
        0,
        null,
        0,
        null,
        null
      ],
      "/Users/millstone/Turing/job_search/sickle_cell_project_be/config/initializers/lograge.rb": [
        1,
        1,
        1,
        1,
        null,
        1,
        null,
        0,
        null,
        null,
        null,
        null,
        null
      ],
      "/Users/millstone/Turing/job_search/sickle_cell_project_be/config/initializers/mime_types.rb": [
        null,
        null,
        null,
        null
      ],
      "/Users/millstone/Turing/job_search/sickle_cell_project_be/config/initializers/wrap_parameters.rb": [
        null,
        null,
        null,
        null,
        null,
        null,
        1,
        2,
        null,
        null,
        null,
        null,
        null,
        null
      ],
      "/Users/millstone/Turing/job_search/sickle_cell_project_be/config/routes.rb": [
        1,
        1,
        1,
        null,
        1,
        null,
        null,
        null,
        null,
        null,
        null,
        null,
        1,
        1,
        1,
        null,
        null,
        null,
        null,
        null,
        1,
        null,
        1,
        null,
        null,
        null,
        1,
        1,
        1,
        null,
        null,
        null,
        1,
        1,
        null
      ],
      "/Users/millstone/Turing/job_search/sickle_cell_project_be/app/helpers/patient_helper.rb": [
        1,
        null
      ],
      "/Users/millstone/Turing/job_search/sickle_cell_project_be/app/helpers/user_confirmation_helper.rb": [
        1,
        null
      ],
      "/Users/millstone/Turing/job_search/sickle_cell_project_be/app/mailers/report_mailer.rb": [
        1,
        1,
        null,
        null,
        null,
        1,
        null,
        null,
        null
      ],
      "/Users/millstone/Turing/job_search/sickle_cell_project_be/app/mailers/application_mailer.rb": [
        1,
        1,
        1,
        null
      ],
      "/Users/millstone/Turing/job_search/sickle_cell_project_be/app/mailers/user_mailer.rb": [
        1,
        1,
        0,
        0,
        null,
        null,
        1,
        0,
        0,
        null,
        null
      ],
      "/Users/millstone/Turing/job_search/sickle_cell_project_be/app/models/appointment.rb": [
        1,
        1,
        1,
        null,
        1,
        1,
        null
      ],
      "/Users/millstone/Turing/job_search/sickle_cell_project_be/app/models/application_record.rb": [
        1,
        1,
        null
      ],
      "/Users/millstone/Turing/job_search/sickle_cell_project_be/app/models/office.rb": [
        1,
        1,
        1,
        1,
        null,
        1,
        null
      ],
      "/Users/millstone/Turing/job_search/sickle_cell_project_be/app/models/patient.rb": [
        1,
        1,
        1,
        1,
        null,
        1,
        null
      ],
      "/Users/millstone/Turing/job_search/sickle_cell_project_be/app/models/scan.rb": [
        1,
        1,
        1,
        null
      ],
      "/Users/millstone/Turing/job_search/sickle_cell_project_be/app/models/user.rb": [
        1,
        null,
        1,
        1,
        null,
        1,
        1,
        null,
        1,
        1,
        null,
        1,
        12,
        12,
        12,
        12,
        null,
        null,
        null,
        1,
        0,
        0,
        0,
        0,
        null,
        null,
        1,
        0,
        0,
        0,
        null,
        null,
        1,
        0,
        null,
        null,
        1,
        0,
        0,
        0,
        null,
        null,
        1,
        null,
        1,
        0,
        0,
        null,
        null,
        1,
        12,
        null,
        null
      ]
    },
    "timestamp": 1567392243
  }
}
